<?xml version="1.0" encoding="UTF-8"?>
<coverage generated="1771113493676" clover="3.2.0">
  <project timestamp="1771113493676" name="All files">
    <metrics statements="58" coveredstatements="58" conditionals="43" coveredconditionals="41" methods="17" coveredmethods="17" elements="118" coveredelements="116" complexity="0" loc="58" ncloc="58" packages="1" files="1" classes="1"/>
    <file name="core.js" path="/Users/user/Desktop/WD102-JavaScript/final-project-banking-pro-app-maco-ovo/src/core.js">
      <metrics statements="58" coveredstatements="58" conditionals="43" coveredconditionals="41" methods="17" coveredmethods="17"/>
      <line num="4" count="21" type="stmt"/>
      <line num="5" count="21" type="stmt"/>
      <line num="6" count="21" type="stmt"/>
      <line num="7" count="5" type="stmt"/>
      <line num="8" count="21" type="stmt"/>
      <line num="17" count="23" type="cond" truecount="4" falsecount="0"/>
      <line num="18" count="1" type="stmt"/>
      <line num="21" count="22" type="cond" truecount="2" falsecount="0"/>
      <line num="22" count="1" type="stmt"/>
      <line num="25" count="21" type="stmt"/>
      <line num="26" count="21" type="stmt"/>
      <line num="29" count="21" type="stmt"/>
      <line num="44" count="21" type="stmt"/>
      <line num="45" count="21" type="stmt"/>
      <line num="54" count="2" type="stmt"/>
      <line num="55" count="2" type="cond" truecount="2" falsecount="0"/>
      <line num="57" count="1" type="stmt"/>
      <line num="66" count="2" type="cond" truecount="2" falsecount="0"/>
      <line num="68" count="1" type="stmt"/>
      <line num="79" count="4" type="stmt"/>
      <line num="81" count="4" type="cond" truecount="2" falsecount="0"/>
      <line num="84" count="3" type="cond" truecount="5" falsecount="0"/>
      <line num="85" count="1" type="stmt"/>
      <line num="89" count="2" type="stmt"/>
      <line num="90" count="2" type="stmt"/>
      <line num="98" count="2" type="stmt"/>
      <line num="107" count="3" type="stmt"/>
      <line num="109" count="3" type="cond" truecount="1" falsecount="1"/>
      <line num="112" count="3" type="cond" truecount="5" falsecount="0"/>
      <line num="113" count="1" type="stmt"/>
      <line num="117" count="2" type="cond" truecount="2" falsecount="0"/>
      <line num="118" count="1" type="stmt"/>
      <line num="122" count="1" type="stmt"/>
      <line num="123" count="1" type="stmt"/>
      <line num="131" count="1" type="stmt"/>
      <line num="139" count="6" type="stmt"/>
      <line num="140" count="10" type="stmt"/>
      <line num="143" count="6" type="cond" truecount="2" falsecount="0"/>
      <line num="145" count="5" type="cond" truecount="2" falsecount="0"/>
      <line num="148" count="4" type="cond" truecount="5" falsecount="0"/>
      <line num="149" count="2" type="stmt"/>
      <line num="153" count="2" type="cond" truecount="2" falsecount="0"/>
      <line num="154" count="1" type="stmt"/>
      <line num="158" count="1" type="stmt"/>
      <line num="159" count="1" type="stmt"/>
      <line num="161" count="1" type="stmt"/>
      <line num="164" count="1" type="stmt"/>
      <line num="173" count="1" type="stmt"/>
      <line num="181" count="1" type="stmt"/>
      <line num="189" count="2" type="stmt"/>
      <line num="190" count="2" type="cond" truecount="2" falsecount="0"/>
      <line num="191" count="1" type="cond" truecount="1" falsecount="1"/>
      <line num="193" count="1" type="stmt"/>
      <line num="202" count="2" type="stmt"/>
      <line num="203" count="2" type="cond" truecount="2" falsecount="0"/>
      <line num="205" count="1" type="stmt"/>
      <line num="206" count="1" type="stmt"/>
      <line num="212" count="1" type="stmt"/>
    </file>
  </project>
</coverage>
