{"/Users/user/Desktop/WD102-JavaScript/final-project-banking-pro-app-maco-ovo/src/core.js": {"path":"/Users/user/Desktop/WD102-JavaScript/final-project-banking-pro-app-maco-ovo/src/core.js","statementMap":{"0":{"start":{"line":4,"column":13},"end":{"line":4,"column":15}},"1":{"start":{"line":5,"column":4},"end":{"line":7,"column":60}},"2":{"start":{"line":6,"column":6},"end":{"line":6,"column":60}},"3":{"start":{"line":7,"column":40},"end":{"line":7,"column":57}},"4":{"start":{"line":8,"column":4},"end":{"line":8,"column":14}},"5":{"start":{"line":17,"column":4},"end":{"line":19,"column":5}},"6":{"start":{"line":18,"column":8},"end":{"line":18,"column":42}},"7":{"start":{"line":21,"column":4},"end":{"line":23,"column":5}},"8":{"start":{"line":22,"column":8},"end":{"line":22,"column":57}},"9":{"start":{"line":25,"column":15},"end":{"line":25,"column":42}},"10":{"start":{"line":26,"column":16},"end":{"line":26,"column":40}},"11":{"start":{"line":29,"column":23},"end":{"line":41,"column":5}},"12":{"start":{"line":44,"column":4},"end":{"line":44,"column":30}},"13":{"start":{"line":45,"column":4},"end":{"line":45,"column":50}},"14":{"start":{"line":54,"column":20},"end":{"line":54,"column":53}},"15":{"start":{"line":54,"column":41},"end":{"line":54,"column":52}},"16":{"start":{"line":55,"column":4},"end":{"line":55,"column":56}},"17":{"start":{"line":55,"column":18},"end":{"line":55,"column":56}},"18":{"start":{"line":57,"column":4},"end":{"line":57,"column":38}},"19":{"start":{"line":66,"column":4},"end":{"line":66,"column":69}},"20":{"start":{"line":66,"column":31},"end":{"line":66,"column":69}},"21":{"start":{"line":68,"column":4},"end":{"line":68,"column":39}},"22":{"start":{"line":79,"column":20},"end":{"line":79,"column":53}},"23":{"start":{"line":79,"column":41},"end":{"line":79,"column":52}},"24":{"start":{"line":81,"column":4},"end":{"line":81,"column":56}},"25":{"start":{"line":81,"column":18},"end":{"line":81,"column":56}},"26":{"start":{"line":84,"column":4},"end":{"line":86,"column":5}},"27":{"start":{"line":85,"column":8},"end":{"line":85,"column":43}},"28":{"start":{"line":89,"column":4},"end":{"line":89,"column":30}},"29":{"start":{"line":90,"column":4},"end":{"line":96,"column":7}},"30":{"start":{"line":98,"column":4},"end":{"line":98,"column":38}},"31":{"start":{"line":107,"column":20},"end":{"line":107,"column":53}},"32":{"start":{"line":107,"column":41},"end":{"line":107,"column":52}},"33":{"start":{"line":109,"column":4},"end":{"line":109,"column":56}},"34":{"start":{"line":109,"column":18},"end":{"line":109,"column":56}},"35":{"start":{"line":112,"column":4},"end":{"line":114,"column":5}},"36":{"start":{"line":113,"column":8},"end":{"line":113,"column":43}},"37":{"start":{"line":117,"column":4},"end":{"line":119,"column":5}},"38":{"start":{"line":118,"column":8},"end":{"line":118,"column":47}},"39":{"start":{"line":122,"column":4},"end":{"line":122,"column":30}},"40":{"start":{"line":123,"column":4},"end":{"line":129,"column":7}},"41":{"start":{"line":131,"column":4},"end":{"line":131,"column":38}},"42":{"start":{"line":139,"column":24},"end":{"line":139,"column":61}},"43":{"start":{"line":139,"column":45},"end":{"line":139,"column":60}},"44":{"start":{"line":140,"column":22},"end":{"line":140,"column":57}},"45":{"start":{"line":140,"column":43},"end":{"line":140,"column":56}},"46":{"start":{"line":143,"column":4},"end":{"line":143,"column":67}},"47":{"start":{"line":143,"column":22},"end":{"line":143,"column":67}},"48":{"start":{"line":145,"column":4},"end":{"line":145,"column":68}},"49":{"start":{"line":145,"column":20},"end":{"line":145,"column":68}},"50":{"start":{"line":148,"column":4},"end":{"line":150,"column":5}},"51":{"start":{"line":149,"column":8},"end":{"line":149,"column":56}},"52":{"start":{"line":153,"column":4},"end":{"line":155,"column":5}},"53":{"start":{"line":154,"column":8},"end":{"line":154,"column":47}},"54":{"start":{"line":158,"column":4},"end":{"line":158,"column":34}},"55":{"start":{"line":159,"column":4},"end":{"line":159,"column":32}},"56":{"start":{"line":161,"column":22},"end":{"line":161,"column":46}},"57":{"start":{"line":164,"column":4},"end":{"line":170,"column":7}},"58":{"start":{"line":173,"column":4},"end":{"line":179,"column":7}},"59":{"start":{"line":181,"column":4},"end":{"line":181,"column":29}},"60":{"start":{"line":189,"column":20},"end":{"line":189,"column":53}},"61":{"start":{"line":189,"column":41},"end":{"line":189,"column":52}},"62":{"start":{"line":190,"column":4},"end":{"line":190,"column":56}},"63":{"start":{"line":190,"column":18},"end":{"line":190,"column":56}},"64":{"start":{"line":191,"column":4},"end":{"line":191,"column":85}},"65":{"start":{"line":191,"column":43},"end":{"line":191,"column":85}},"66":{"start":{"line":193,"column":4},"end":{"line":193,"column":65}},"67":{"start":{"line":202,"column":18},"end":{"line":202,"column":56}},"68":{"start":{"line":202,"column":44},"end":{"line":202,"column":55}},"69":{"start":{"line":203,"column":4},"end":{"line":203,"column":60}},"70":{"start":{"line":203,"column":22},"end":{"line":203,"column":60}},"71":{"start":{"line":205,"column":4},"end":{"line":205,"column":30}},"72":{"start":{"line":206,"column":4},"end":{"line":206,"column":29}},"73":{"start":{"line":212,"column":0},"end":{"line":221,"column":2}}},"fnMap":{"0":{"name":"generateAccountId","decl":{"start":{"line":3,"column":9},"end":{"line":3,"column":26}},"loc":{"start":{"line":3,"column":37},"end":{"line":9,"column":1}},"line":3},"1":{"name":"(anonymous_1)","decl":{"start":{"line":7,"column":27},"end":{"line":7,"column":28}},"loc":{"start":{"line":7,"column":40},"end":{"line":7,"column":57}},"line":7},"2":{"name":"createAccount","decl":{"start":{"line":15,"column":9},"end":{"line":15,"column":22}},"loc":{"start":{"line":15,"column":47},"end":{"line":46,"column":1}},"line":15},"3":{"name":"viewAccountDetails","decl":{"start":{"line":53,"column":9},"end":{"line":53,"column":27}},"loc":{"start":{"line":53,"column":42},"end":{"line":58,"column":1}},"line":53},"4":{"name":"(anonymous_4)","decl":{"start":{"line":54,"column":34},"end":{"line":54,"column":35}},"loc":{"start":{"line":54,"column":41},"end":{"line":54,"column":52}},"line":54},"5":{"name":"listAllAccounts","decl":{"start":{"line":65,"column":9},"end":{"line":65,"column":24}},"loc":{"start":{"line":65,"column":35},"end":{"line":69,"column":1}},"line":65},"6":{"name":"depositFunds","decl":{"start":{"line":77,"column":9},"end":{"line":77,"column":21}},"loc":{"start":{"line":77,"column":44},"end":{"line":99,"column":1}},"line":77},"7":{"name":"(anonymous_7)","decl":{"start":{"line":79,"column":34},"end":{"line":79,"column":35}},"loc":{"start":{"line":79,"column":41},"end":{"line":79,"column":52}},"line":79},"8":{"name":"withdrawFunds","decl":{"start":{"line":105,"column":9},"end":{"line":105,"column":22}},"loc":{"start":{"line":105,"column":45},"end":{"line":132,"column":1}},"line":105},"9":{"name":"(anonymous_9)","decl":{"start":{"line":107,"column":34},"end":{"line":107,"column":35}},"loc":{"start":{"line":107,"column":41},"end":{"line":107,"column":52}},"line":107},"10":{"name":"transferFunds","decl":{"start":{"line":138,"column":9},"end":{"line":138,"column":22}},"loc":{"start":{"line":138,"column":55},"end":{"line":182,"column":1}},"line":138},"11":{"name":"(anonymous_11)","decl":{"start":{"line":139,"column":38},"end":{"line":139,"column":39}},"loc":{"start":{"line":139,"column":45},"end":{"line":139,"column":60}},"line":139},"12":{"name":"(anonymous_12)","decl":{"start":{"line":140,"column":36},"end":{"line":140,"column":37}},"loc":{"start":{"line":140,"column":43},"end":{"line":140,"column":56}},"line":140},"13":{"name":"viewTransactionHistory","decl":{"start":{"line":188,"column":9},"end":{"line":188,"column":31}},"loc":{"start":{"line":188,"column":46},"end":{"line":194,"column":1}},"line":188},"14":{"name":"(anonymous_14)","decl":{"start":{"line":189,"column":34},"end":{"line":189,"column":35}},"loc":{"start":{"line":189,"column":41},"end":{"line":189,"column":52}},"line":189},"15":{"name":"deleteAccount","decl":{"start":{"line":201,"column":9},"end":{"line":201,"column":22}},"loc":{"start":{"line":201,"column":37},"end":{"line":207,"column":1}},"line":201},"16":{"name":"(anonymous_16)","decl":{"start":{"line":202,"column":37},"end":{"line":202,"column":38}},"loc":{"start":{"line":202,"column":44},"end":{"line":202,"column":55}},"line":202}},"branchMap":{"0":{"loc":{"start":{"line":17,"column":4},"end":{"line":19,"column":5}},"type":"if","locations":[{"start":{"line":17,"column":4},"end":{"line":19,"column":5}},{"start":{},"end":{}}],"line":17},"1":{"loc":{"start":{"line":17,"column":8},"end":{"line":17,"column":51}},"type":"binary-expr","locations":[{"start":{"line":17,"column":8},"end":{"line":17,"column":34}},{"start":{"line":17,"column":38},"end":{"line":17,"column":51}}],"line":17},"2":{"loc":{"start":{"line":21,"column":4},"end":{"line":23,"column":5}},"type":"if","locations":[{"start":{"line":21,"column":4},"end":{"line":23,"column":5}},{"start":{},"end":{}}],"line":21},"3":{"loc":{"start":{"line":55,"column":4},"end":{"line":55,"column":56}},"type":"if","locations":[{"start":{"line":55,"column":4},"end":{"line":55,"column":56}},{"start":{},"end":{}}],"line":55},"4":{"loc":{"start":{"line":66,"column":4},"end":{"line":66,"column":69}},"type":"if","locations":[{"start":{"line":66,"column":4},"end":{"line":66,"column":69}},{"start":{},"end":{}}],"line":66},"5":{"loc":{"start":{"line":81,"column":4},"end":{"line":81,"column":56}},"type":"if","locations":[{"start":{"line":81,"column":4},"end":{"line":81,"column":56}},{"start":{},"end":{}}],"line":81},"6":{"loc":{"start":{"line":84,"column":4},"end":{"line":86,"column":5}},"type":"if","locations":[{"start":{"line":84,"column":4},"end":{"line":86,"column":5}},{"start":{},"end":{}}],"line":84},"7":{"loc":{"start":{"line":84,"column":8},"end":{"line":84,"column":66}},"type":"binary-expr","locations":[{"start":{"line":84,"column":8},"end":{"line":84,"column":34}},{"start":{"line":84,"column":38},"end":{"line":84,"column":51}},{"start":{"line":84,"column":55},"end":{"line":84,"column":66}}],"line":84},"8":{"loc":{"start":{"line":109,"column":4},"end":{"line":109,"column":56}},"type":"if","locations":[{"start":{"line":109,"column":4},"end":{"line":109,"column":56}},{"start":{},"end":{}}],"line":109},"9":{"loc":{"start":{"line":112,"column":4},"end":{"line":114,"column":5}},"type":"if","locations":[{"start":{"line":112,"column":4},"end":{"line":114,"column":5}},{"start":{},"end":{}}],"line":112},"10":{"loc":{"start":{"line":112,"column":8},"end":{"line":112,"column":66}},"type":"binary-expr","locations":[{"start":{"line":112,"column":8},"end":{"line":112,"column":34}},{"start":{"line":112,"column":38},"end":{"line":112,"column":51}},{"start":{"line":112,"column":55},"end":{"line":112,"column":66}}],"line":112},"11":{"loc":{"start":{"line":117,"column":4},"end":{"line":119,"column":5}},"type":"if","locations":[{"start":{"line":117,"column":4},"end":{"line":119,"column":5}},{"start":{},"end":{}}],"line":117},"12":{"loc":{"start":{"line":143,"column":4},"end":{"line":143,"column":67}},"type":"if","locations":[{"start":{"line":143,"column":4},"end":{"line":143,"column":67}},{"start":{},"end":{}}],"line":143},"13":{"loc":{"start":{"line":145,"column":4},"end":{"line":145,"column":68}},"type":"if","locations":[{"start":{"line":145,"column":4},"end":{"line":145,"column":68}},{"start":{},"end":{}}],"line":145},"14":{"loc":{"start":{"line":148,"column":4},"end":{"line":150,"column":5}},"type":"if","locations":[{"start":{"line":148,"column":4},"end":{"line":150,"column":5}},{"start":{},"end":{}}],"line":148},"15":{"loc":{"start":{"line":148,"column":8},"end":{"line":148,"column":66}},"type":"binary-expr","locations":[{"start":{"line":148,"column":8},"end":{"line":148,"column":34}},{"start":{"line":148,"column":38},"end":{"line":148,"column":51}},{"start":{"line":148,"column":55},"end":{"line":148,"column":66}}],"line":148},"16":{"loc":{"start":{"line":153,"column":4},"end":{"line":155,"column":5}},"type":"if","locations":[{"start":{"line":153,"column":4},"end":{"line":155,"column":5}},{"start":{},"end":{}}],"line":153},"17":{"loc":{"start":{"line":190,"column":4},"end":{"line":190,"column":56}},"type":"if","locations":[{"start":{"line":190,"column":4},"end":{"line":190,"column":56}},{"start":{},"end":{}}],"line":190},"18":{"loc":{"start":{"line":191,"column":4},"end":{"line":191,"column":85}},"type":"if","locations":[{"start":{"line":191,"column":4},"end":{"line":191,"column":85}},{"start":{},"end":{}}],"line":191},"19":{"loc":{"start":{"line":203,"column":4},"end":{"line":203,"column":60}},"type":"if","locations":[{"start":{"line":203,"column":4},"end":{"line":203,"column":60}},{"start":{},"end":{}}],"line":203}},"s":{"0":21,"1":21,"2":21,"3":5,"4":21,"5":23,"6":1,"7":22,"8":1,"9":21,"10":21,"11":21,"12":21,"13":21,"14":2,"15":1,"16":2,"17":1,"18":1,"19":2,"20":1,"21":1,"22":4,"23":3,"24":4,"25":1,"26":3,"27":1,"28":2,"29":2,"30":2,"31":3,"32":3,"33":3,"34":0,"35":3,"36":1,"37":2,"38":1,"39":1,"40":1,"41":1,"42":6,"43":6,"44":6,"45":10,"46":6,"47":1,"48":5,"49":1,"50":4,"51":2,"52":2,"53":1,"54":1,"55":1,"56":1,"57":1,"58":1,"59":1,"60":2,"61":1,"62":2,"63":1,"64":1,"65":0,"66":1,"67":2,"68":1,"69":2,"70":1,"71":1,"72":1,"73":1},"f":{"0":21,"1":5,"2":23,"3":2,"4":1,"5":2,"6":4,"7":3,"8":3,"9":3,"10":6,"11":6,"12":10,"13":2,"14":1,"15":2,"16":1},"b":{"0":[1,22],"1":[23,22],"2":[1,21],"3":[1,1],"4":[1,1],"5":[1,3],"6":[1,2],"7":[3,3,3],"8":[0,3],"9":[1,2],"10":[3,3,3],"11":[1,1],"12":[1,5],"13":[1,4],"14":[2,2],"15":[4,3,3],"16":[1,1],"17":[1,1],"18":[0,1],"19":[1,1]},"_coverageSchema":"1a1c01bbd47fc00a2c39e90264f33305004495a9","hash":"4c8700f0d144d885f725979a8b62da0a070b878b"}
}
