TN:
SF:src/core.js
FN:3,generateAccountId
FN:7,(anonymous_1)
FN:15,createAccount
FN:53,viewAccountDetails
FN:54,(anonymous_4)
FN:65,listAllAccounts
FN:77,depositFunds
FN:79,(anonymous_7)
FN:105,withdrawFunds
FN:107,(anonymous_9)
FN:138,transferFunds
FN:139,(anonymous_11)
FN:140,(anonymous_12)
FN:188,viewTransactionHistory
FN:189,(anonymous_14)
FN:201,deleteAccount
FN:202,(anonymous_16)
FNF:17
FNH:17
FNDA:21,generateAccountId
FNDA:5,(anonymous_1)
FNDA:23,createAccount
FNDA:2,viewAccountDetails
FNDA:1,(anonymous_4)
FNDA:2,listAllAccounts
FNDA:4,depositFunds
FNDA:3,(anonymous_7)
FNDA:3,withdrawFunds
FNDA:3,(anonymous_9)
FNDA:6,transferFunds
FNDA:6,(anonymous_11)
FNDA:10,(anonymous_12)
FNDA:2,viewTransactionHistory
FNDA:1,(anonymous_14)
FNDA:2,deleteAccount
FNDA:1,(anonymous_16)
DA:4,21
DA:5,21
DA:6,21
DA:7,5
DA:8,21
DA:17,23
DA:18,1
DA:21,22
DA:22,1
DA:25,21
DA:26,21
DA:29,21
DA:44,21
DA:45,21
DA:54,2
DA:55,2
DA:57,1
DA:66,2
DA:68,1
DA:79,4
DA:81,4
DA:84,3
DA:85,1
DA:89,2
DA:90,2
DA:98,2
DA:107,3
DA:109,3
DA:112,3
DA:113,1
DA:117,2
DA:118,1
DA:122,1
DA:123,1
DA:131,1
DA:139,6
DA:140,10
DA:143,6
DA:145,5
DA:148,4
DA:149,2
DA:153,2
DA:154,1
DA:158,1
DA:159,1
DA:161,1
DA:164,1
DA:173,1
DA:181,1
DA:189,2
DA:190,2
DA:191,1
DA:193,1
DA:202,2
DA:203,2
DA:205,1
DA:206,1
DA:212,1
LF:58
LH:58
BRDA:17,0,0,1
BRDA:17,0,1,22
BRDA:17,1,0,23
BRDA:17,1,1,22
BRDA:21,2,0,1
BRDA:21,2,1,21
BRDA:55,3,0,1
BRDA:55,3,1,1
BRDA:66,4,0,1
BRDA:66,4,1,1
BRDA:81,5,0,1
BRDA:81,5,1,3
BRDA:84,6,0,1
BRDA:84,6,1,2
BRDA:84,7,0,3
BRDA:84,7,1,3
BRDA:84,7,2,3
BRDA:109,8,0,0
BRDA:109,8,1,3
BRDA:112,9,0,1
BRDA:112,9,1,2
BRDA:112,10,0,3
BRDA:112,10,1,3
BRDA:112,10,2,3
BRDA:117,11,0,1
BRDA:117,11,1,1
BRDA:143,12,0,1
BRDA:143,12,1,5
BRDA:145,13,0,1
BRDA:145,13,1,4
BRDA:148,14,0,2
BRDA:148,14,1,2
BRDA:148,15,0,4
BRDA:148,15,1,3
BRDA:148,15,2,3
BRDA:153,16,0,1
BRDA:153,16,1,1
BRDA:190,17,0,1
BRDA:190,17,1,1
BRDA:191,18,0,0
BRDA:191,18,1,1
BRDA:203,19,0,1
BRDA:203,19,1,1
BRF:43
BRH:41
end_of_record
